<?xml version="1.0" encoding="UTF-8"?>
<testng-results ignored="0" total="1" passed="1" failed="0" skipped="0">
  <reporter-output>
  </reporter-output>
  <suite started-at="2023-09-10T19:47:45 GMT-04:00" name="Default suite" finished-at="2023-09-10T19:47:55 GMT-04:00" duration-ms="9835">
    <groups>
    </groups>
    <test started-at="2023-09-10T19:47:45 GMT-04:00" name="Default test" finished-at="2023-09-10T19:47:55 GMT-04:00" duration-ms="9835">
      <class name="com.automation.ScreenRecording.Tn_LoginTest">
        <test-method signature="loginTest()[pri:0, instance:com.automation.ScreenRecording.Tn_LoginTest@3646a422]" started-at="2023-09-10T19:47:45 GMT-04:00" name="loginTest" finished-at="2023-09-10T19:47:55 GMT-04:00" duration-ms="9786" status="PASS">
          <reporter-output>
          </reporter-output>
        </test-method> <!-- loginTest -->
      </class> <!-- com.automation.ScreenRecording.Tn_LoginTest -->
    </test> <!-- Default test -->
  </suite> <!-- Default suite -->
</testng-results>
